[debug] [2022-04-28T01:49:56.512Z] ----------------------------------------------------------------------
[debug] [2022-04-28T01:49:56.515Z] Command:       C:\Program Files\nodejs\node.exe C:\Users\Admin\AppData\Roaming\npm\node_modules\firebase-tools\lib\bin\firebase.js init
[debug] [2022-04-28T01:49:56.517Z] CLI Version:   10.7.1
[debug] [2022-04-28T01:49:56.517Z] Platform:      win32
[debug] [2022-04-28T01:49:56.517Z] Node Version:  v16.13.1
[debug] [2022-04-28T01:49:56.520Z] Time:          Thu Apr 28 2022 08:49:56 GMT+0700 (Indochina Time)
[debug] [2022-04-28T01:49:56.520Z] ----------------------------------------------------------------------
[debug] 
[debug] [2022-04-28T01:49:56.526Z] >>> [apiv2][query] GET https://firebase-public.firebaseio.com/cli.json [none]
[debug] [2022-04-28T01:49:56.572Z] > command requires scopes: ["email","openid","https://www.googleapis.com/auth/cloudplatformprojects.readonly","https://www.googleapis.com/auth/firebase","https://www.googleapis.com/auth/cloud-platform"]
[debug] [2022-04-28T01:49:56.572Z] > authorizing via signed-in user (greenlogitics@gmail.com)
[info] 
     ######## #### ########  ######## ########     ###     ######  ########
     ##        ##  ##     ## ##       ##     ##  ##   ##  ##       ##
     ######    ##  ########  ######   ########  #########  ######  ######
     ##        ##  ##    ##  ##       ##     ## ##     ##       ## ##
     ##       #### ##     ## ######## ########  ##     ##  ######  ########

You're about to initialize a Firebase project in this directory:

  D:\project\e-commercial-project

[debug] [2022-04-28T01:49:57.350Z] <<< [apiv2][status] GET https://firebase-public.firebaseio.com/cli.json 200
[debug] [2022-04-28T01:49:57.350Z] <<< [apiv2][body] GET https://firebase-public.firebaseio.com/cli.json {"cloudBuildErrorAfter":1594252800000,"cloudBuildWarnAfter":1590019200000,"defaultNode10After":1594252800000,"minVersion":"3.0.5","node8DeploysDisabledAfter":1613390400000,"node8RuntimeDisabledAfter":1615809600000,"node8WarnAfter":1600128000000}
[info] 
=== Project Setup
[info] 
[info] First, let's associate this project directory with a Firebase project.
[info] You can create multiple project aliases by running firebase use --add, 
[info] but for now we'll just set up a default project.
[info] 
[debug] [2022-04-28T01:52:29.475Z] > refreshing access token with scopes: []
[debug] [2022-04-28T01:52:29.477Z] >>> HTTP REQUEST POST https://www.googleapis.com/oauth2/v3/token  
 <request body omitted>
[debug] [2022-04-28T01:52:29.762Z] <<< HTTP RESPONSE 200 {"cache-control":"no-cache, no-store, max-age=0, must-revalidate","date":"Thu, 28 Apr 2022 01:52:29 GMT","expires":"Mon, 01 Jan 1990 00:00:00 GMT","pragma":"no-cache","content-type":"application/json; charset=utf-8","vary":"X-Origin, Referer, Origin,Accept-Encoding","server":"scaffolding on HTTPServer2","x-xss-protection":"0","x-frame-options":"SAMEORIGIN","x-content-type-options":"nosniff","alt-svc":"h3=\":443\"; ma=2592000,h3-29=\":443\"; ma=2592000,h3-Q050=\":443\"; ma=2592000,h3-Q046=\":443\"; ma=2592000,h3-Q043=\":443\"; ma=2592000,quic=\":443\"; ma=2592000; v=\"46,43\"","accept-ranges":"none","transfer-encoding":"chunked"}
[debug] [2022-04-28T01:52:29.792Z] >>> [apiv2][query] GET https://firebase.googleapis.com/v1beta1/projects pageSize=100
[debug] [2022-04-28T01:52:30.551Z] <<< [apiv2][status] GET https://firebase.googleapis.com/v1beta1/projects 200
[debug] [2022-04-28T01:52:30.551Z] <<< [apiv2][body] GET https://firebase.googleapis.com/v1beta1/projects [omitted]
[info] i  Using project yolo-7a7fe (yolo) 
[info] 
=== Hosting Setup
[info] 
[info] Your public directory is the folder (relative to your project directory) that
[info] will contain Hosting assets to be uploaded with firebase deploy. If you
[info] have a build process for your assets, use your build's output directory.
[info] 
[debug] [2022-04-28T01:55:53.479Z] ----------------------------------------------------------------------
[debug] [2022-04-28T01:55:53.481Z] Command:       C:\Program Files\nodejs\node.exe C:\Users\Admin\AppData\Roaming\npm\node_modules\firebase-tools\lib\bin\firebase.js init
[debug] [2022-04-28T01:55:53.481Z] CLI Version:   10.7.1
[debug] [2022-04-28T01:55:53.481Z] Platform:      win32
[debug] [2022-04-28T01:55:53.481Z] Node Version:  v16.13.1
[debug] [2022-04-28T01:55:53.483Z] Time:          Thu Apr 28 2022 08:55:53 GMT+0700 (Indochina Time)
[debug] [2022-04-28T01:55:53.483Z] ----------------------------------------------------------------------
[debug] 
[debug] [2022-04-28T01:55:53.491Z] > command requires scopes: ["email","openid","https://www.googleapis.com/auth/cloudplatformprojects.readonly","https://www.googleapis.com/auth/firebase","https://www.googleapis.com/auth/cloud-platform"]
[debug] [2022-04-28T01:55:53.492Z] > authorizing via signed-in user (greenlogitics@gmail.com)
[info] 
     ######## #### ########  ######## ########     ###     ######  ########
     ##        ##  ##     ## ##       ##     ##  ##   ##  ##       ##
     ######    ##  ########  ######   ########  #########  ######  ######
     ##        ##  ##    ##  ##       ##     ## ##     ##       ## ##
     ##       #### ##     ## ######## ########  ##     ##  ######  ########

You're about to initialize a Firebase project in this directory:

  D:\project\e-commercial-project

[info] 
=== Project Setup
[info] 
[info] First, let's associate this project directory with a Firebase project.
[info] You can create multiple project aliases by running firebase use --add, 
[info] but for now we'll just set up a default project.
[info] 
[debug] [2022-04-28T01:56:02.219Z] >>> [apiv2][query] GET https://firebase.googleapis.com/v1beta1/projects pageSize=100
[debug] [2022-04-28T01:56:03.238Z] <<< [apiv2][status] GET https://firebase.googleapis.com/v1beta1/projects 200
[debug] [2022-04-28T01:56:03.239Z] <<< [apiv2][body] GET https://firebase.googleapis.com/v1beta1/projects [omitted]
[info] i  Using project yolo-7a7fe (yolo) 
[info] 
=== Hosting Setup
[info] 
[info] Your public directory is the folder (relative to your project directory) that
[info] will contain Hosting assets to be uploaded with firebase deploy. If you
[info] have a build process for your assets, use your build's output directory.
[info] 
[debug] [2022-04-28T02:02:07.465Z] >>> [apiv2][query] GET https://www.gstatic.com/firebasejs/releases.json [none]
[debug] [2022-04-28T02:02:07.740Z] <<< [apiv2][status] GET https://www.gstatic.com/firebasejs/releases.json 200
[debug] [2022-04-28T02:02:07.741Z] <<< [apiv2][body] GET https://www.gstatic.com/firebasejs/releases.json {"current":{"version":"9.6.11","browserURL":"https://www.gstatic.com/firebasejs/9.6.11/firebase.js","packageURL":"https://www.gstatic.com/firebasejs/9.6.11/firebase.tgz"},"live":{"version":"9.6","browserURL":"https://www.gstatic.com/firebasejs/live/9.6/firebase.js","packageURL":"https://www.gstatic.com/firebasejs/live/9.6/firebase.tgz"},"components":{"analytics":"https://www.gstatic.com/firebasejs/9.6.11/firebase-analytics.js","app":"https://www.gstatic.com/firebasejs/9.6.11/firebase-app.js","app-check":"https://www.gstatic.com/firebasejs/9.6.11/firebase-app-check.js","auth":"https://www.gstatic.com/firebasejs/9.6.11/firebase-auth.js","auth/cordova":"https://www.gstatic.com/firebasejs/9.6.11/firebase-auth/cordova.js","auth/react-native":"https://www.gstatic.com/firebasejs/9.6.11/firebase-auth/react-native.js","functions":"https://www.gstatic.com/firebasejs/9.6.11/firebase-functions.js","firestore":"https://www.gstatic.com/firebasejs/9.6.11/firebase-firestore.js","firestore/lite":"https://www.gstatic.com/firebasejs/9.6.11/firebase-firestore/lite.js","storage":"https://www.gstatic.com/firebasejs/9.6.11/firebase-storage.js","performance":"https://www.gstatic.com/firebasejs/9.6.11/firebase-performance.js","remote-config":"https://www.gstatic.com/firebasejs/9.6.11/firebase-remote-config.js","messaging":"https://www.gstatic.com/firebasejs/9.6.11/firebase-messaging.js","messaging/sw":"https://www.gstatic.com/firebasejs/9.6.11/firebase-messaging/sw.js","database":"https://www.gstatic.com/firebasejs/9.6.11/firebase-database.js","firestore.memory":"https://www.gstatic.com/firebasejs/9.6.11/firebase-firestore.memory.js"}}
